Thu 05 Oct 2023 06:54:30 PM UTC: 
 sudoku.c | 37 ++++++++++++++++++++++++++++++++-----
 1 file changed, 32 insertions(+), 5 deletions(-)
test.c:245:5: error: redefinition of ‘main’
  245 | int main( int argc, char *argv[] ) {
      |     ^~~~
In file included from test.c:5:
sudoku.c:96:5: note: previous definition of ‘main’ with type ‘int(int,  char **)’
   96 | int main( int argc, char *argv[] ){
      |     ^~~~
Compilation failed
0ce1a56
Thu 05 Oct 2023 07:10:26 PM UTC: 
 sudoku.c | 18 +++++++++++++++++-
 1 file changed, 17 insertions(+), 1 deletion(-)
In file included from test.c:5:
sudoku.c: In function ‘get_adj_nodes’:
sudoku.c:73:23: error: unused variable ‘ady_node’ [-Werror=unused-variable]
   73 |                 Node *ady_node = copy(aux_node);
      |                       ^~~~~~~~
test.c: At top level:
test.c:245:5: error: redefinition of ‘main’
  245 | int main( int argc, char *argv[] ) {
      |     ^~~~
In file included from test.c:5:
sudoku.c:112:5: note: previous definition of ‘main’ with type ‘int(int,  char **)’
  112 | int main( int argc, char *argv[] ){
      |     ^~~~
cc1: all warnings being treated as errors
Compilation failed
80a0a4f
Thu 05 Oct 2023 07:11:23 PM UTC: 
 sudoku.c | 1 +
 1 file changed, 1 insertion(+)
test.c:245:5: error: redefinition of ‘main’
  245 | int main( int argc, char *argv[] ) {
      |     ^~~~
In file included from test.c:5:
sudoku.c:113:5: note: previous definition of ‘main’ with type ‘int(int,  char **)’
  113 | int main( int argc, char *argv[] ){
      |     ^~~~
Compilation failed
efc7351
Thu 05 Oct 2023 07:12:12 PM UTC: 
test.c:245:5: error: redefinition of ‘main’
  245 | int main( int argc, char *argv[] ) {
      |     ^~~~
In file included from test.c:5:
sudoku.c:115:5: note: previous definition of ‘main’ with type ‘int(int,  char **)’
  115 | int main( int argc, char *argv[] ){
      |     ^~~~
Compilation failed
b3b8218
Thu 05 Oct 2023 07:13:26 PM UTC: 
test.c:245:5: error: redefinition of ‘main’
  245 | int main( int argc, char *argv[] ) {
      |     ^~~~
In file included from test.c:5:
sudoku.c:115:5: note: previous definition of ‘main’ with type ‘int(int,  char **)’
  115 | int main( int argc, char *argv[] ){
      |     ^~~~
Compilation failed
11859cb
Thu 05 Oct 2023 07:13:45 PM UTC: 
 sudoku.c | 3 ++-
 1 file changed, 2 insertions(+), 1 deletion(-)
 tests:  0|5
total_score: 0/70
882d2ab
Thu 05 Oct 2023 07:32:12 PM UTC: 
 sudoku.c | 7 +++----
 1 file changed, 3 insertions(+), 4 deletions(-)
 tests:  0|5
total_score: 0/70
3d7a96e
Thu 05 Oct 2023 07:33:05 PM UTC: 
 sudoku.c | 2 +-
 1 file changed, 1 insertion(+), 1 deletion(-)
 tests:  0|5
total_score: 0/70
36418f7
Thu 05 Oct 2023 07:33:34 PM UTC: 
 sudoku.c | 6 +++++-
 1 file changed, 5 insertions(+), 1 deletion(-)
In file included from test.c:5:
sudoku.c: In function ‘get_adj_nodes’:
sudoku.c:69:15: error: ‘sudo’ undeclared (first use in this function)
   69 |           if (sudo[i][j] == 0)
      |               ^~~~
sudoku.c:69:15: note: each undeclared identifier is reported only once for each function it appears in
Compilation failed
b9a9e40
Thu 05 Oct 2023 07:34:01 PM UTC: 
 sudoku.c | 2 +-
 1 file changed, 1 insertion(+), 1 deletion(-)
 tests:  2|4
total_score: 15/70
4bd1215
Thu 05 Oct 2023 07:47:47 PM UTC: 
 sudoku.c | 73 +++++++++++++++++++++++++++++++++++++++++++++++++++++++++++++---
 1 file changed, 70 insertions(+), 3 deletions(-)
In file included from test.c:5:
sudoku.c: In function ‘is_final’:
sudoku.c:132:26: error: ‘list’ undeclared (first use in this function); did you mean ‘List’?
  132 |                 pushBack(list, ady_node);
      |                          ^~~~
      |                          List
sudoku.c:132:26: note: each undeclared identifier is reported only once for each function it appears in
sudoku.c: In function ‘DFS’:
sudoku.c:173:11: error: implicit declaration of function ‘isEmpty’; did you mean ‘is_empty’? [-Werror=implicit-function-declaration]
  173 |   while (!isEmpty(pila))
      |           ^~~~~~~
      |           is_empty
sudoku.c:176:22: error: void value not ignored as it ought to be
  176 |       Node* primer = pop(pila);
      |                      ^~~
sudoku.c:176:13: error: unused variable ‘primer’ [-Werror=unused-variable]
  176 |       Node* primer = pop(pila);
      |             ^~~~~~
cc1: all warnings being treated as errors
Compilation failed
8a62763
Thu 05 Oct 2023 07:48:05 PM UTC: 
 sudoku.c | 4 +++-
 1 file changed, 3 insertions(+), 1 deletion(-)
In file included from test.c:5:
sudoku.c: In function ‘is_final’:
sudoku.c:132:26: error: ‘list’ undeclared (first use in this function); did you mean ‘List’?
  132 |                 pushBack(list, ady_node);
      |                          ^~~~
      |                          List
sudoku.c:132:26: note: each undeclared identifier is reported only once for each function it appears in
Compilation failed
9c8c0a3
Thu 05 Oct 2023 07:49:26 PM UTC: 
 sudoku.c | 12 ++----------
 1 file changed, 2 insertions(+), 10 deletions(-)
 tests:  2|4
total_score: 15/70
0d62d73
Thu 05 Oct 2023 07:52:04 PM UTC: 
 sudoku.c | 8 +++++++-
 1 file changed, 7 insertions(+), 1 deletion(-)
In file included from test.c:5:
sudoku.c: In function ‘get_adj_nodes’:
sudoku.c:78:21: error: implicit declaration of function ‘is_valid’ [-Werror=implicit-function-declaration]
   78 |                 if (is_valid(ady_node))
      |                     ^~~~~~~~
cc1: all warnings being treated as errors
Compilation failed
81a3054
Thu 05 Oct 2023 07:52:50 PM UTC: 
 sudoku.c | 5 +++--
 1 file changed, 3 insertions(+), 2 deletions(-)
 tests:  2|4
total_score: 15/70
612fb1f
Thu 05 Oct 2023 07:53:57 PM UTC: 
 sudoku.c | 6 +++---
 1 file changed, 3 insertions(+), 3 deletions(-)
 tests:  3|3
total_score: 25/70
218af3f
Thu 05 Oct 2023 07:58:20 PM UTC: 
 sudoku.c | 26 ++++++++++++++++++++------
 1 file changed, 20 insertions(+), 6 deletions(-)
In file included from test.c:5:
sudoku.c: In function ‘DFS’:
sudoku.c:167:1: error: unknown type name ‘Cree’
  167 | Cree un stack S (pila) e inserte el nodo.
      | ^~~~
sudoku.c:167:9: error: expected ‘=’, ‘,’, ‘;’, ‘asm’ or ‘__attribute__’ before ‘stack’
  167 | Cree un stack S (pila) e inserte el nodo.
      |         ^~~~~
sudoku.c:170:8: error: ‘pila’ undeclared (first use in this function)
  170 |   push(pila, initial);
      |        ^~~~
sudoku.c:170:8: note: each undeclared identifier is reported only once for each function it appears in
sudoku.c:172:11: error: implicit declaration of function ‘isEmpty’; did you mean ‘is_empty’? [-Werror=implicit-function-declaration]
  172 |   while (!isEmpty(pila))
      |           ^~~~~~~
      |           is_empty
cc1: all warnings being treated as errors
Compilation failed
1a0497f
Thu 05 Oct 2023 07:59:13 PM UTC: 
 sudoku.c | 4 ++--
 1 file changed, 2 insertions(+), 2 deletions(-)
In file included from test.c:5:
sudoku.c: In function ‘DFS’:
sudoku.c:172:11: error: implicit declaration of function ‘isEmpty’; did you mean ‘is_empty’? [-Werror=implicit-function-declaration]
  172 |   while (!isEmpty(pila))
      |           ^~~~~~~
      |           is_empty
sudoku.c:183:5: error: unknown type name ‘Obtenga’
  183 |     Obtenga la lista de nodos adyacentes al nodo
      |     ^~~~~~~
sudoku.c:183:16: error: expected ‘=’, ‘,’, ‘;’, ‘asm’ or ‘__attribute__’ before ‘lista’
  183 |     Obtenga la lista de nodos adyacentes al nodo
      |                ^~~~~
sudoku.c:187:28: error: ‘adj_nodes’ undeclared (first use in this function); did you mean ‘adj_node’?
  187 |     void* adj_node = first(adj_nodes);
      |                            ^~~~~~~~~
      |                            adj_node
sudoku.c:187:28: note: each undeclared identifier is reported only once for each function it appears in
cc1: all warnings being treated as errors
Compilation failed
da12ac0
Thu 05 Oct 2023 07:59:27 PM UTC: 
 sudoku.c | 4 ++--
 1 file changed, 2 insertions(+), 2 deletions(-)
In file included from test.c:5:
sudoku.c: In function ‘DFS’:
sudoku.c:172:11: error: implicit declaration of function ‘isEmpty’; did you mean ‘is_empty’? [-Werror=implicit-function-declaration]
  172 |   while (!isEmpty(pila))
      |           ^~~~~~~
      |           is_empty
sudoku.c:186:5: error: unknown type name ‘Agregue’
  186 |     Agregue los nodos de la lista (uno por uno) al stack S.
      |     ^~~~~~~
sudoku.c:186:17: error: expected ‘=’, ‘,’, ‘;’, ‘asm’ or ‘__attribute__’ before ‘nodos’
  186 |     Agregue los nodos de la lista (uno por uno) al stack S.
      |                 ^~~~~
sudoku.c:188:12: error: ‘adj_node’ undeclared (first use in this function); did you mean ‘adj_nodes’?
  188 |     while (adj_node != NULL)
      |            ^~~~~~~~
      |            adj_nodes
sudoku.c:188:12: note: each undeclared identifier is reported only once for each function it appears in
cc1: all warnings being treated as errors
Compilation failed
1109af7
Thu 05 Oct 2023 07:59:45 PM UTC: 
 sudoku.c | 2 +-
 1 file changed, 1 insertion(+), 1 deletion(-)
In file included from test.c:5:
sudoku.c: In function ‘DFS’:
sudoku.c:172:11: error: implicit declaration of function ‘isEmpty’; did you mean ‘is_empty’? [-Werror=implicit-function-declaration]
  172 |   while (!isEmpty(pila))
      |           ^~~~~~~
      |           is_empty
cc1: all warnings being treated as errors
Compilation failed
43d8503
Thu 05 Oct 2023 07:59:56 PM UTC: 
 sudoku.c | 2 +-
 1 file changed, 1 insertion(+), 1 deletion(-)
In file included from test.c:5:
sudoku.c: In function ‘DFS’:
sudoku.c:172:11: error: implicit declaration of function ‘is_Empty’; did you mean ‘is_empty’? [-Werror=implicit-function-declaration]
  172 |   while (!is_Empty(pila))
      |           ^~~~~~~~
      |           is_empty
cc1: all warnings being treated as errors
Compilation failed
9bcb81f
Thu 05 Oct 2023 08:01:13 PM UTC: 
 sudoku.c | 2 +-
 1 file changed, 1 insertion(+), 1 deletion(-)
In file included from test.c:5:
sudoku.c: In function ‘DFS’:
sudoku.c:172:10: error: implicit declaration of function ‘is_Empty’; did you mean ‘is_empty’? [-Werror=implicit-function-declaration]
  172 |   while (is_Empty(pila))
      |          ^~~~~~~~
      |          is_empty
cc1: all warnings being treated as errors
Compilation failed
2c75f39
Thu 05 Oct 2023 08:01:34 PM UTC: 
 sudoku.c | 2 +-
 1 file changed, 1 insertion(+), 1 deletion(-)
 tests:  3|3
total_score: 25/70
eb2b0c3
Thu 05 Oct 2023 08:01:48 PM UTC: 
 sudoku.c | 2 +-
 1 file changed, 1 insertion(+), 1 deletion(-)
 tests:  4|3
total_score: 30/70
0d3734e
